<?xml version="1.0" encoding="UTF-8"?>
<!-- Generated by org.testng.reporters.JUnitReportReporter -->
<testsuite hostname="Deepaks-MacBook-Pro.local" name="com.ds.jshopping.product.CreateProductTest" tests="1" failures="0" timestamp="16 Jul 2018 04:52:12 GMT" time="0.239" errors="0">
  <testcase name="testCreateProducts" time="0.239" classname="com.ds.jshopping.product.CreateProductTest"/>
</testsuite> <!-- com.ds.jshopping.product.CreateProductTest -->
