<?xml version="1.0" encoding="UTF-8"?>
<!-- Generated by org.testng.reporters.JUnitReportReporter -->
<testsuite hostname="Deepaks-MacBook-Pro.local" name="com.ds.jshopping.JShoppingTests" tests="1" failures="0" timestamp="15 Jul 2018 03:23:11 GMT" time="0.005" errors="0">
  <testcase name="contextLoads" time="0.005" classname="com.ds.jshopping.JShoppingTests"/>
</testsuite> <!-- com.ds.jshopping.JShoppingTests -->
